"../../../Engine/Content/EngineResources/DefaultTextureCube.uasset" 0
"../../../Engine/Content/EngineResources/DefaultTextureCube.uexp" 1
"../../../Engine/Content/EngineResources/DefaultVolumeTexture2D.uasset" 2
"../../../Engine/Content/EngineResources/DefaultVolumeTexture2D.uexp" 3
"../../../Engine/Content/EngineResources/DefaultVolumeTexture.uasset" 4
"../../../Engine/Content/EngineResources/DefaultVolumeTexture.uexp" 5
"../../../Engine/Content/EngineMeshes/Sphere.ubulk" 6
"../../../Engine/Content/EngineMeshes/Sphere.uasset" 7
"../../../Engine/Content/EngineMeshes/Sphere.uexp" 8
"../../../Engine/Content/EngineResources/GradientTexture0.uasset" 9
"../../../Engine/Content/EngineResources/GradientTexture0.uexp" 10
"../../../Engine/Content/EngineResources/Black.uasset" 11
"../../../Engine/Content/EngineResources/Black.uexp" 12
"../../../Engine/Content/EngineMaterials/T_Default_Material_Grid_M.ubulk" 13
"../../../Engine/Content/EngineMaterials/T_Default_Material_Grid_M.uasset" 14
"../../../Engine/Content/EngineMaterials/T_Default_Material_Grid_M.uexp" 15
"../../../Engine/Content/EngineMaterials/T_Default_Material_Grid_N.ubulk" 16
"../../../Engine/Content/EngineMaterials/T_Default_Material_Grid_N.uasset" 17
"../../../Engine/Content/EngineMaterials/T_Default_Material_Grid_N.uexp" 18
"../../../Engine/Content/Functions/Engine_MaterialFunctions01/Opacity/CameraDepthFade.uasset" 19
"../../../Engine/Content/Functions/Engine_MaterialFunctions01/Opacity/CameraDepthFade.uexp" 20
"../../../Engine/Content/EngineMaterials/WorldGridMaterial.uasset" 21
"../../../Engine/Content/EngineMaterials/WorldGridMaterial.uexp" 22
"../../../Engine/Content/ArtTools/RenderToTexture/Meshes/S_1_Unit_Plane.ubulk" 23
"../../../Engine/Content/ArtTools/RenderToTexture/Meshes/S_1_Unit_Plane.uasset" 24
"../../../Engine/Content/ArtTools/RenderToTexture/Meshes/S_1_Unit_Plane.uexp" 25
"../../../Engine/Plugins/Media/MediaPlate/Content/SM_MediaPlateScreen.ubulk" 26
"../../../Engine/Plugins/Media/MediaPlate/Content/SM_MediaPlateScreen.uasset" 27
"../../../Engine/Plugins/Media/MediaPlate/Content/SM_MediaPlateScreen.uexp" 28
"../../../Engine/Content/EngineMaterials/DefaultBokeh.uasset" 29
"../../../Engine/Content/EngineMaterials/DefaultBokeh.uexp" 30
"../../../Engine/Content/EngineMaterials/MiniFont.uasset" 31
"../../../Engine/Content/EngineMaterials/MiniFont.uexp" 32
"../../../Engine/Content/EngineMaterials/WeightMapPlaceholderTexture.uasset" 33
"../../../Engine/Content/EngineMaterials/WeightMapPlaceholderTexture.uexp" 34
"../../../Engine/Content/EngineMaterials/WeightMapArrayPlaceholderTexture.uasset" 35
"../../../Engine/Content/EngineMaterials/WeightMapArrayPlaceholderTexture.uexp" 36
"../../../Engine/Content/EngineMaterials/DefaultWhiteGrid.ubulk" 37
"../../../Engine/Content/EngineMaterials/DefaultWhiteGrid.uasset" 38
"../../../Engine/Content/EngineMaterials/DefaultWhiteGrid.uexp" 39
"../../../Engine/Content/EngineMaterials/PreintegratedSkinBRDF.uasset" 40
"../../../Engine/Content/EngineMaterials/PreintegratedSkinBRDF.uexp" 41
"../../../Engine/Content/Functions/Engine_MaterialFunctions02/WorldPositionOffset/CameraOffset.uasset" 42
"../../../Engine/Content/Functions/Engine_MaterialFunctions02/WorldPositionOffset/CameraOffset.uexp" 43
"../../../Engine/Plugins/Animation/ControlRig/Content/M_Manip.uasset" 44
"../../../Engine/Plugins/Animation/ControlRig/Content/M_Manip.uexp" 45
"../../../Engine/Plugins/Animation/ACLPlugin/Content/ACLAnimCurveCompressionSettings.uasset" 46
"../../../Engine/Plugins/Animation/ACLPlugin/Content/ACLAnimCurveCompressionSettings.uexp" 47
"../../../Engine/Plugins/Animation/ACLPlugin/Content/ACLAnimBoneCompressionSettings.uasset" 48
"../../../Engine/Plugins/Animation/ACLPlugin/Content/ACLAnimBoneCompressionSettings.uexp" 49
"../../../Engine/Plugins/2D/Paper2D/Content/PlaceholderTextures/DummySpriteTexture.ubulk" 50
"../../../Engine/Plugins/2D/Paper2D/Content/PlaceholderTextures/DummySpriteTexture.uasset" 51
"../../../Engine/Plugins/2D/Paper2D/Content/PlaceholderTextures/DummySpriteTexture.uexp" 52
"../../../Engine/Plugins/2D/Paper2D/Content/DefaultSpriteMaterial.uasset" 53
"../../../Engine/Plugins/2D/Paper2D/Content/DefaultSpriteMaterial.uexp" 54
"../../../Engine/Plugins/2D/Paper2D/Content/OpaqueUnlitSpriteMaterial.uasset" 55
"../../../Engine/Plugins/2D/Paper2D/Content/OpaqueUnlitSpriteMaterial.uexp" 56
"../../../Engine/Plugins/2D/Paper2D/Content/MaskedUnlitSpriteMaterial.uasset" 57
"../../../Engine/Plugins/2D/Paper2D/Content/MaskedUnlitSpriteMaterial.uexp" 58
"../../../Engine/Plugins/2D/Paper2D/Content/DummySprite.uasset" 59
"../../../Engine/Plugins/2D/Paper2D/Content/DummySprite.uexp" 60
"../../../Engine/Plugins/2D/Paper2D/Content/DefaultPaperTerrainMaterial.uasset" 61
"../../../Engine/Plugins/2D/Paper2D/Content/DefaultPaperTerrainMaterial.uexp" 62
"../../../Engine/Plugins/Runtime/MeshModelingToolset/Content/Materials/M_DynamicMeshComponentVtxColor.uasset" 63
"../../../Engine/Plugins/Runtime/MeshModelingToolset/Content/Materials/M_DynamicMeshComponentVtxColor.uexp" 64
"../../../Engine/Content/Functions/Engine_MaterialFunctions02/Utility/CameraDirectionVector.uasset" 65
"../../../Engine/Content/Functions/Engine_MaterialFunctions02/Utility/CameraDirectionVector.uexp" 66
"../../../Engine/Content/Functions/Engine_MaterialFunctions01/Volumetrics/BeersLaw.uasset" 67
"../../../Engine/Content/Functions/Engine_MaterialFunctions01/Volumetrics/BeersLaw.uexp" 68
"../../../Engine/Content/EngineMaterials/Good64x64TilingNoiseHighFreq.uasset" 69
"../../../Engine/Content/EngineMaterials/Good64x64TilingNoiseHighFreq.uexp" 70
"../../../Engine/Content/Functions/Engine_MaterialFunctions02/Texturing/ScreenAlignedPixelToPixelUVs.uasset" 71
"../../../Engine/Content/Functions/Engine_MaterialFunctions02/Texturing/ScreenAlignedPixelToPixelUVs.uexp" 72
"../../../Engine/Content/Functions/Engine_MaterialFunctions02/Utility/BreakOutFloat3Components.uasset" 73
"../../../Engine/Content/Functions/Engine_MaterialFunctions02/Utility/BreakOutFloat3Components.uexp" 74
"../../../Engine/Content/Functions/Engine_MaterialFunctions03/Math/RemapValueRange.uasset" 75
"../../../Engine/Content/Functions/Engine_MaterialFunctions03/Math/RemapValueRange.uexp" 76
"../../../Engine/Plugins/Editor/SpeedTreeImporter/Content/SpeedTree9/game_wind_noise.ubulk" 77
"../../../Engine/Plugins/Editor/SpeedTreeImporter/Content/SpeedTree9/game_wind_noise.uasset" 78
"../../../Engine/Plugins/Editor/SpeedTreeImporter/Content/SpeedTree9/game_wind_noise.uexp" 79
"../../../Engine/Plugins/Editor/SpeedTreeImporter/Content/SpeedTree9/UnpackDirection.uasset" 80
"../../../Engine/Plugins/Editor/SpeedTreeImporter/Content/SpeedTree9/UnpackDirection.uexp" 81
"../../../Engine/Content/Functions/Engine_MaterialFunctions02/ObjectLocalBounds.uasset" 82
"../../../Engine/Content/Functions/Engine_MaterialFunctions02/ObjectLocalBounds.uexp" 83
"../../../Engine/Content/Functions/Engine_MaterialFunctions02/UVs/BoundingBoxBased_0-1_UVW.uasset" 84
"../../../Engine/Content/Functions/Engine_MaterialFunctions02/UVs/BoundingBoxBased_0-1_UVW.uexp" 85
"../../../Engine/Content/Functions/Engine_MaterialFunctions02/Utility/VectorLength.uasset" 86
"../../../Engine/Content/Functions/Engine_MaterialFunctions02/Utility/VectorLength.uexp" 87
"../../../Engine/Plugins/Editor/SpeedTreeImporter/Content/SpeedTree9/UnpackInteger3.uasset" 88
"../../../Engine/Plugins/Editor/SpeedTreeImporter/Content/SpeedTree9/UnpackInteger3.uexp" 89
"../../../Engine/Plugins/Editor/SpeedTreeImporter/Content/SpeedTree9/SpeedTreeCameraFacing.uasset" 90
"../../../Engine/Plugins/Editor/SpeedTreeImporter/Content/SpeedTree9/SpeedTreeCameraFacing.uexp" 91
"../../../Engine/Content/Functions/Engine_MaterialFunctions02/WorldPositionOffset/ObjectScale.uasset" 92
"../../../Engine/Content/Functions/Engine_MaterialFunctions02/WorldPositionOffset/ObjectScale.uexp" 93
"../../../Engine/Content/Functions/Engine_MaterialFunctions02/SafeNormalize.uasset" 94
"../../../Engine/Content/Functions/Engine_MaterialFunctions02/SafeNormalize.uexp" 95
"../../../Engine/Plugins/Editor/SpeedTreeImporter/Content/SpeedTree9/SpeedTreeWindMotion.uasset" 96
"../../../Engine/Plugins/Editor/SpeedTreeImporter/Content/SpeedTree9/SpeedTreeWindMotion.uexp" 97
"../../../Engine/Plugins/Editor/SpeedTreeImporter/Content/SpeedTree9/SpeedTreeBranchMotion.uasset" 98
"../../../Engine/Plugins/Editor/SpeedTreeImporter/Content/SpeedTree9/SpeedTreeBranchMotion.uexp" 99
"../../../Engine/Plugins/Editor/SpeedTreeImporter/Content/SpeedTree9/SpeedTreeWind.uasset" 100
"../../../Engine/Plugins/Editor/SpeedTreeImporter/Content/SpeedTree9/SpeedTreeWind.uexp" 101
"../../../Engine/Plugins/Editor/SpeedTreeImporter/Content/SpeedTree9/EmptyNormal.uasset" 102
"../../../Engine/Plugins/Editor/SpeedTreeImporter/Content/SpeedTree9/EmptyNormal.uexp" 103
"../../../Engine/Plugins/Editor/SpeedTreeImporter/Content/SpeedTree9/Empty.uasset" 104
"../../../Engine/Plugins/Editor/SpeedTreeImporter/Content/SpeedTree9/Empty.uexp" 105
"../../../Engine/Plugins/Editor/SpeedTreeImporter/Content/SpeedTree9/SpeedTreeMaster.uasset" 106
"../../../Engine/Plugins/Editor/SpeedTreeImporter/Content/SpeedTree9/SpeedTreeMaster.uexp" 107
"../../../Engine/Plugins/Editor/SpeedTreeImporter/Content/SpeedTree9/SpeedTreeBillboard.uasset" 108
"../../../Engine/Plugins/Editor/SpeedTreeImporter/Content/SpeedTree9/SpeedTreeBillboard.uexp" 109
"../../../Engine/Plugins/Editor/SpeedTreeImporter/Content/SpeedTree9/SpeedTreeBillboardMaster.uasset" 110
"../../../Engine/Plugins/Editor/SpeedTreeImporter/Content/SpeedTree9/SpeedTreeBillboardMaster.uexp" 111
"../../../Engine/Plugins/Animation/ControlRig/Content/Controls/DefaultGizmoLibraryNormalized.uasset" 112
"../../../Engine/Plugins/Animation/ControlRig/Content/Controls/DefaultGizmoLibraryNormalized.uexp" 113
"../../../Engine/Plugins/Animation/ControlRig/Content/Controls/ControlRig_Wedge_solid.ubulk" 114
"../../../Engine/Plugins/Animation/ControlRig/Content/Controls/ControlRig_Wedge_solid.uasset" 115
"../../../Engine/Plugins/Animation/ControlRig/Content/Controls/ControlRig_Wedge_solid.uexp" 116
"../../../Engine/Plugins/Animation/ControlRig/Content/Controls/ControlRig_Wedge_3mm.ubulk" 117
"../../../Engine/Plugins/Animation/ControlRig/Content/Controls/ControlRig_Wedge_3mm.uasset" 118
"../../../Engine/Plugins/Animation/ControlRig/Content/Controls/ControlRig_Wedge_3mm.uexp" 119
"../../../Engine/Plugins/Animation/ControlRig/Content/Controls/ControlRig_Wedge_1mm.ubulk" 120
"../../../Engine/Plugins/Animation/ControlRig/Content/Controls/ControlRig_Wedge_1mm.uasset" 121
"../../../Engine/Plugins/Animation/ControlRig/Content/Controls/ControlRig_Wedge_1mm.uexp" 122
"../../../Engine/Plugins/Animation/ControlRig/Content/Controls/ControlRig_Triangle_solid.ubulk" 123
"../../../Engine/Plugins/Animation/ControlRig/Content/Controls/ControlRig_Triangle_solid.uasset" 124
"../../../Engine/Plugins/Animation/ControlRig/Content/Controls/ControlRig_Triangle_solid.uexp" 125
"../../../Engine/Plugins/Animation/ControlRig/Content/Controls/ControlRig_Triangle_3mm.ubulk" 126
"../../../Engine/Plugins/Animation/ControlRig/Content/Controls/ControlRig_Triangle_3mm.uasset" 127
"../../../Engine/Plugins/Animation/ControlRig/Content/Controls/ControlRig_Triangle_3mm.uexp" 128
"../../../Engine/Plugins/Animation/ControlRig/Content/Controls/ControlRig_Triangle_1mm.ubulk" 129
"../../../Engine/Plugins/Animation/ControlRig/Content/Controls/ControlRig_Triangle_1mm.uasset" 130
"../../../Engine/Plugins/Animation/ControlRig/Content/Controls/ControlRig_Triangle_1mm.uexp" 131
"../../../Engine/Plugins/Animation/ControlRig/Content/Controls/ControlRig_Star4_solid.ubulk" 132
"../../../Engine/Plugins/Animation/ControlRig/Content/Controls/ControlRig_Star4_solid.uasset" 133
"../../../Engine/Plugins/Animation/ControlRig/Content/Controls/ControlRig_Star4_solid.uexp" 134
"../../../Engine/Plugins/Animation/ControlRig/Content/Controls/ControlRig_Star4_3mm.ubulk" 135
"../../../Engine/Plugins/Animation/ControlRig/Content/Controls/ControlRig_Star4_3mm.uasset" 136
"../../../Engine/Plugins/Animation/ControlRig/Content/Controls/ControlRig_Star4_3mm.uexp" 137
"../../../Engine/Plugins/Animation/ControlRig/Content/Controls/ControlRig_Star4_1mm.ubulk" 138
"../../../Engine/Plugins/Animation/ControlRig/Content/Controls/ControlRig_Star4_1mm.uasset" 139
"../../../Engine/Plugins/Animation/ControlRig/Content/Controls/ControlRig_Star4_1mm.uexp" 140
"../../../Engine/Plugins/Animation/ControlRig/Content/Controls/ControlRig_Square_solid.ubulk" 141
"../../../Engine/Plugins/Animation/ControlRig/Content/Controls/ControlRig_Square_solid.uasset" 142
"../../../Engine/Plugins/Animation/ControlRig/Content/Controls/ControlRig_Square_solid.uexp" 143
"../../../Engine/Plugins/Animation/ControlRig/Content/Controls/ControlRig_Square_3mm.ubulk" 144
"../../../Engine/Plugins/Animation/ControlRig/Content/Controls/ControlRig_Square_3mm.uasset" 145
"../../../Engine/Plugins/Animation/ControlRig/Content/Controls/ControlRig_Square_3mm.uexp" 146
"../../../Engine/Plugins/Animation/ControlRig/Content/Controls/ControlRig_Square_1mm.ubulk" 147
"../../../Engine/Plugins/Animation/ControlRig/Content/Controls/ControlRig_Square_1mm.uasset" 148
"../../../Engine/Plugins/Animation/ControlRig/Content/Controls/ControlRig_Square_1mm.uexp" 149
"../../../Engine/Plugins/Animation/ControlRig/Content/Controls/ControlRig_Sphere_3mm.ubulk" 150
"../../../Engine/Plugins/Animation/ControlRig/Content/Controls/ControlRig_Sphere_3mm.uasset" 151
"../../../Engine/Plugins/Animation/ControlRig/Content/Controls/ControlRig_Sphere_3mm.uexp" 152
"../../../Engine/Plugins/Animation/ControlRig/Content/Controls/ControlRig_Sphere_1mm.ubulk" 153
"../../../Engine/Plugins/Animation/ControlRig/Content/Controls/ControlRig_Sphere_1mm.uasset" 154
"../../../Engine/Plugins/Animation/ControlRig/Content/Controls/ControlRig_Sphere_1mm.uexp" 155
"../../../Engine/Plugins/Animation/ControlRig/Content/Controls/ControlRig_RoundedTriangle_solid.ubulk" 156
"../../../Engine/Plugins/Animation/ControlRig/Content/Controls/ControlRig_RoundedTriangle_solid.uasset" 157
"../../../Engine/Plugins/Animation/ControlRig/Content/Controls/ControlRig_RoundedTriangle_solid.uexp" 158
"../../../Engine/Plugins/Animation/ControlRig/Content/Controls/ControlRig_RoundedTriangle_3mm.ubulk" 159
"../../../Engine/Plugins/Animation/ControlRig/Content/Controls/ControlRig_RoundedTriangle_3mm.uasset" 160
"../../../Engine/Plugins/Animation/ControlRig/Content/Controls/ControlRig_RoundedTriangle_3mm.uexp" 161
"../../../Engine/Plugins/Animation/ControlRig/Content/Controls/ControlRig_RoundedTriangle_1mm.ubulk" 162
"../../../Engine/Plugins/Animation/ControlRig/Content/Controls/ControlRig_RoundedTriangle_1mm.uasset" 163
"../../../Engine/Plugins/Animation/ControlRig/Content/Controls/ControlRig_RoundedTriangle_1mm.uexp" 164
"../../../Engine/Plugins/Animation/ControlRig/Content/Controls/ControlRig_RoundedSquare_solid.ubulk" 165
"../../../Engine/Plugins/Animation/ControlRig/Content/Controls/ControlRig_RoundedSquare_solid.uasset" 166
"../../../Engine/Plugins/Animation/ControlRig/Content/Controls/ControlRig_RoundedSquare_solid.uexp" 167
"../../../Engine/Plugins/Animation/ControlRig/Content/Controls/ControlRig_RoundedSquare_3mm.ubulk" 168
"../../../Engine/Plugins/Animation/ControlRig/Content/Controls/ControlRig_RoundedSquare_3mm.uasset" 169
"../../../Engine/Plugins/Animation/ControlRig/Content/Controls/ControlRig_RoundedSquare_3mm.uexp" 170
"../../../Engine/Plugins/Animation/ControlRig/Content/Controls/ControlRig_RoundedSquare_1mm.ubulk" 171
"../../../Engine/Plugins/Animation/ControlRig/Content/Controls/ControlRig_RoundedSquare_1mm.uasset" 172
"../../../Engine/Plugins/Animation/ControlRig/Content/Controls/ControlRig_RoundedSquare_1mm.uexp" 173
"../../../Engine/Plugins/Animation/ControlRig/Content/Controls/ControlRig_QuarterCircle_solid.ubulk" 174
"../../../Engine/Plugins/Animation/ControlRig/Content/Controls/ControlRig_QuarterCircle_solid.uasset" 175
"../../../Engine/Plugins/Animation/ControlRig/Content/Controls/ControlRig_QuarterCircle_solid.uexp" 176
"../../../Engine/Plugins/Animation/ControlRig/Content/Controls/ControlRig_QuarterCircle_3mm.ubulk" 177
"../../../Engine/Plugins/Animation/ControlRig/Content/Controls/ControlRig_QuarterCircle_3mm.uasset" 178
"../../../Engine/Plugins/Animation/ControlRig/Content/Controls/ControlRig_QuarterCircle_3mm.uexp" 179
"../../../Engine/Plugins/Animation/ControlRig/Content/Controls/ControlRig_QuarterCircle_1mm.ubulk" 180
"../../../Engine/Plugins/Animation/ControlRig/Content/Controls/ControlRig_QuarterCircle_1mm.uasset" 181
"../../../Engine/Plugins/Animation/ControlRig/Content/Controls/ControlRig_QuarterCircle_1mm.uexp" 182
"../../../Engine/Plugins/Animation/ControlRig/Content/Controls/ControlRig_Pyramid_solid.ubulk" 183
"../../../Engine/Plugins/Animation/ControlRig/Content/Controls/ControlRig_Pyramid_solid.uasset" 184
"../../../Engine/Plugins/Animation/ControlRig/Content/Controls/ControlRig_Pyramid_solid.uexp" 185
"../../../Engine/Plugins/Animation/ControlRig/Content/Controls/ControlRig_Pyramid_3mm.ubulk" 186
"../../../Engine/Plugins/Animation/ControlRig/Content/Controls/ControlRig_Pyramid_3mm.uasset" 187
"../../../Engine/Plugins/Animation/ControlRig/Content/Controls/ControlRig_Pyramid_3mm.uexp" 188
"../../../Engine/Plugins/Animation/ControlRig/Content/Controls/ControlRig_Pyramid_1mm.ubulk" 189
"../../../Engine/Plugins/Animation/ControlRig/Content/Controls/ControlRig_Pyramid_1mm.uasset" 190
"../../../Engine/Plugins/Animation/ControlRig/Content/Controls/ControlRig_Pyramid_1mm.uexp" 191
"../../../Engine/Plugins/Animation/ControlRig/Content/Controls/ControlRig_Octagon_solid.ubulk" 192
"../../../Engine/Plugins/Animation/ControlRig/Content/Controls/ControlRig_Octagon_solid.uasset" 193
"../../../Engine/Plugins/Animation/ControlRig/Content/Controls/ControlRig_Octagon_solid.uexp" 194
"../../../Engine/Plugins/Animation/ControlRig/Content/Controls/ControlRig_Octagon_3mm.ubulk" 195
"../../../Engine/Plugins/Animation/ControlRig/Content/Controls/ControlRig_Octagon_3mm.uasset" 196
"../../../Engine/Plugins/Animation/ControlRig/Content/Controls/ControlRig_Octagon_3mm.uexp" 197
"../../../Engine/Plugins/Animation/ControlRig/Content/Controls/ControlRig_Octagon_1mm.ubulk" 198
"../../../Engine/Plugins/Animation/ControlRig/Content/Controls/ControlRig_Octagon_1mm.uasset" 199
"../../../Engine/Plugins/Animation/ControlRig/Content/Controls/ControlRig_Octagon_1mm.uexp" 200
"../../../Engine/Plugins/Animation/ControlRig/Content/Controls/ControlRig_Hexagon_solid.ubulk" 201
"../../../Engine/Plugins/Animation/ControlRig/Content/Controls/ControlRig_Hexagon_solid.uasset" 202
"../../../Engine/Plugins/Animation/ControlRig/Content/Controls/ControlRig_Hexagon_solid.uexp" 203
"../../../Engine/Plugins/Animation/ControlRig/Content/Controls/ControlRig_Hexagon_3mm.ubulk" 204
"../../../Engine/Plugins/Animation/ControlRig/Content/Controls/ControlRig_Hexagon_3mm.uasset" 205
"../../../Engine/Plugins/Animation/ControlRig/Content/Controls/ControlRig_Hexagon_3mm.uexp" 206
"../../../Engine/Plugins/Animation/ControlRig/Content/Controls/ControlRig_Hexagon_1mm.ubulk" 207
"../../../Engine/Plugins/Animation/ControlRig/Content/Controls/ControlRig_Hexagon_1mm.uasset" 208
"../../../Engine/Plugins/Animation/ControlRig/Content/Controls/ControlRig_Hexagon_1mm.uexp" 209
"../../../Engine/Plugins/Animation/ControlRig/Content/Controls/ControlRig_HalfCircle_solid.ubulk" 210
"../../../Engine/Plugins/Animation/ControlRig/Content/Controls/ControlRig_HalfCircle_solid.uasset" 211
"../../../Engine/Plugins/Animation/ControlRig/Content/Controls/ControlRig_HalfCircle_solid.uexp" 212
"../../../Engine/Plugins/Animation/ControlRig/Content/Controls/ControlRig_HalfCircle_3mm.ubulk" 213
"../../../Engine/Plugins/Animation/ControlRig/Content/Controls/ControlRig_HalfCircle_3mm.uasset" 214
"../../../Engine/Plugins/Animation/ControlRig/Content/Controls/ControlRig_HalfCircle_3mm.uexp" 215
"../../../Engine/Plugins/Animation/ControlRig/Content/Controls/ControlRig_HalfCircle_1mm.ubulk" 216
"../../../Engine/Plugins/Animation/ControlRig/Content/Controls/ControlRig_HalfCircle_1mm.uasset" 217
"../../../Engine/Plugins/Animation/ControlRig/Content/Controls/ControlRig_HalfCircle_1mm.uexp" 218
"../../../Engine/Plugins/Animation/ControlRig/Content/Controls/ControlRig_Diamond_3mm.ubulk" 219
"../../../Engine/Plugins/Animation/ControlRig/Content/Controls/ControlRig_Diamond_3mm.uasset" 220
"../../../Engine/Plugins/Animation/ControlRig/Content/Controls/ControlRig_Diamond_3mm.uexp" 221
"../../../Engine/Plugins/Animation/ControlRig/Content/Controls/ControlRig_Diamond_1mm.ubulk" 222
"../../../Engine/Plugins/Animation/ControlRig/Content/Controls/ControlRig_Diamond_1mm.uasset" 223
"../../../Engine/Plugins/Animation/ControlRig/Content/Controls/ControlRig_Diamond_1mm.uexp" 224
"../../../Engine/Plugins/Animation/ControlRig/Content/Controls/ControlRig_Circle_solid.ubulk" 225
"../../../Engine/Plugins/Animation/ControlRig/Content/Controls/ControlRig_Circle_solid.uasset" 226
"../../../Engine/Plugins/Animation/ControlRig/Content/Controls/ControlRig_Circle_solid.uexp" 227
"../../../Engine/Plugins/Animation/ControlRig/Content/Controls/ControlRig_Circle_3mm.ubulk" 228
"../../../Engine/Plugins/Animation/ControlRig/Content/Controls/ControlRig_Circle_3mm.uasset" 229
"../../../Engine/Plugins/Animation/ControlRig/Content/Controls/ControlRig_Circle_3mm.uexp" 230
"../../../Engine/Plugins/Animation/ControlRig/Content/Controls/ControlRig_Circle_1mm.ubulk" 231
"../../../Engine/Plugins/Animation/ControlRig/Content/Controls/ControlRig_Circle_1mm.uasset" 232
"../../../Engine/Plugins/Animation/ControlRig/Content/Controls/ControlRig_Circle_1mm.uexp" 233
"../../../Engine/Plugins/Animation/ControlRig/Content/Controls/ControlRig_Box_3mm.ubulk" 234
"../../../Engine/Plugins/Animation/ControlRig/Content/Controls/ControlRig_Box_3mm.uasset" 235
"../../../Engine/Plugins/Animation/ControlRig/Content/Controls/ControlRig_Box_3mm.uexp" 236
"../../../Engine/Plugins/Animation/ControlRig/Content/Controls/ControlRig_Box_1mm.ubulk" 237
"../../../Engine/Plugins/Animation/ControlRig/Content/Controls/ControlRig_Box_1mm.uasset" 238
"../../../Engine/Plugins/Animation/ControlRig/Content/Controls/ControlRig_Box_1mm.uexp" 239
"../../../Engine/Plugins/Animation/ControlRig/Content/Controls/ControlRig_Arrow_solid.ubulk" 240
"../../../Engine/Plugins/Animation/ControlRig/Content/Controls/ControlRig_Arrow_solid.uasset" 241
"../../../Engine/Plugins/Animation/ControlRig/Content/Controls/ControlRig_Arrow_solid.uexp" 242
"../../../Engine/Plugins/Animation/ControlRig/Content/Controls/ControlRig_Arrow_3mm.ubulk" 243
"../../../Engine/Plugins/Animation/ControlRig/Content/Controls/ControlRig_Arrow_3mm.uasset" 244
"../../../Engine/Plugins/Animation/ControlRig/Content/Controls/ControlRig_Arrow_3mm.uexp" 245
"../../../Engine/Plugins/Animation/ControlRig/Content/Controls/ControlRig_Arrow_1mm.ubulk" 246
"../../../Engine/Plugins/Animation/ControlRig/Content/Controls/ControlRig_Arrow_1mm.uasset" 247
"../../../Engine/Plugins/Animation/ControlRig/Content/Controls/ControlRig_Arrow_1mm.uexp" 248
"../../../Engine/Plugins/Animation/ControlRig/Content/Controls/ControlRig_Arrow4_solid.ubulk" 249
"../../../Engine/Plugins/Animation/ControlRig/Content/Controls/ControlRig_Arrow4_solid.uasset" 250
"../../../Engine/Plugins/Animation/ControlRig/Content/Controls/ControlRig_Arrow4_solid.uexp" 251
"../../../Engine/Plugins/Animation/ControlRig/Content/Controls/ControlRig_Arrow4_3mm.ubulk" 252
"../../../Engine/Plugins/Animation/ControlRig/Content/Controls/ControlRig_Arrow4_3mm.uasset" 253
"../../../Engine/Plugins/Animation/ControlRig/Content/Controls/ControlRig_Arrow4_3mm.uexp" 254
"../../../Engine/Plugins/Animation/ControlRig/Content/Controls/ControlRig_Arrow4_1mm.ubulk" 255
"../../../Engine/Plugins/Animation/ControlRig/Content/Controls/ControlRig_Arrow4_1mm.uasset" 256
"../../../Engine/Plugins/Animation/ControlRig/Content/Controls/ControlRig_Arrow4_1mm.uexp" 257
"../../../Engine/Plugins/Animation/ControlRig/Content/Controls/ControlRig_Arrow2_solid.ubulk" 258
"../../../Engine/Plugins/Animation/ControlRig/Content/Controls/ControlRig_Arrow2_solid.uasset" 259
"../../../Engine/Plugins/Animation/ControlRig/Content/Controls/ControlRig_Arrow2_solid.uexp" 260
"../../../Engine/Plugins/Animation/ControlRig/Content/Controls/ControlRig_Arrow2_3mm.ubulk" 261
"../../../Engine/Plugins/Animation/ControlRig/Content/Controls/ControlRig_Arrow2_3mm.uasset" 262
"../../../Engine/Plugins/Animation/ControlRig/Content/Controls/ControlRig_Arrow2_3mm.uexp" 263
"../../../Engine/Plugins/Animation/ControlRig/Content/Controls/ControlRig_Arrow2_1mm.ubulk" 264
"../../../Engine/Plugins/Animation/ControlRig/Content/Controls/ControlRig_Arrow2_1mm.uasset" 265
"../../../Engine/Plugins/Animation/ControlRig/Content/Controls/ControlRig_Arrow2_1mm.uexp" 266
"../../../Engine/Plugins/Animation/ControlRig/Content/Controls/ControlRigXRayMaterial.uasset" 267
"../../../Engine/Plugins/Animation/ControlRig/Content/Controls/ControlRigXRayMaterial.uexp" 268
"../../../Engine/Plugins/Animation/ControlRig/Content/Controls/ControlRigGizmoMaterial.uasset" 269
"../../../Engine/Plugins/Animation/ControlRig/Content/Controls/ControlRigGizmoMaterial.uexp" 270
"../../../Engine/Content/Functions/Engine_MaterialFunctions02/Math/Transform3x3Matrix.uasset" 271
"../../../Engine/Content/Functions/Engine_MaterialFunctions02/Math/Transform3x3Matrix.uexp" 272
"../../../Engine/Content/Functions/Engine_MaterialFunctions02/SplitComponents.uasset" 273
"../../../Engine/Content/Functions/Engine_MaterialFunctions02/SplitComponents.uexp" 274
"../../../Engine/Content/Functions/Engine_MaterialFunctions02/Utility/MakeFloat3.uasset" 275
"../../../Engine/Content/Functions/Engine_MaterialFunctions02/Utility/MakeFloat3.uexp" 276
"../../../Engine/Content/EngineSounds/Master.uasset" 277
"../../../Engine/Content/EngineSounds/Master.uexp" 278
"../../../Engine/Content/EngineResources/WhiteSquareTexture.uasset" 279
"../../../Engine/Content/EngineResources/WhiteSquareTexture.uexp" 280
"../../../Engine/Content/EngineMaterials/Widget3DPassThrough.uasset" 281
"../../../Engine/Content/EngineMaterials/Widget3DPassThrough.uexp" 282
"../../../Engine/Content/EngineMaterials/Widget3DPassThrough_Translucent.uasset" 283
"../../../Engine/Content/EngineMaterials/Widget3DPassThrough_Translucent.uexp" 284
"../../../Engine/Content/EngineMaterials/Widget3DPassThrough_Translucent_OneSided.uasset" 285
"../../../Engine/Content/EngineMaterials/Widget3DPassThrough_Translucent_OneSided.uexp" 286
"../../../Engine/Content/EngineMaterials/Widget3DPassThrough_Opaque.uasset" 287
"../../../Engine/Content/EngineMaterials/Widget3DPassThrough_Opaque.uexp" 288
"../../../Engine/Content/EngineMaterials/Widget3DPassThrough_Opaque_OneSided.uasset" 289
"../../../Engine/Content/EngineMaterials/Widget3DPassThrough_Opaque_OneSided.uexp" 290
"../../../Engine/Content/EngineMaterials/Widget3DPassThrough_Masked_OneSided.uasset" 291
"../../../Engine/Content/EngineMaterials/Widget3DPassThrough_Masked_OneSided.uexp" 292
"../../../Engine/Content/EngineMaterials/Widget3DPassThrough_Masked.uasset" 293
"../../../Engine/Content/EngineMaterials/Widget3DPassThrough_Masked.uexp" 294
"../../../Engine/Content/EngineMaterials/STBlueNoise_vec2_128x128x64.uasset" 295
"../../../Engine/Content/EngineMaterials/STBlueNoise_vec2_128x128x64.uexp" 296
"../../../Engine/Content/EngineMaterials/STBlueNoise_scalar_128x128x64.uasset" 297
"../../../Engine/Content/EngineMaterials/STBlueNoise_scalar_128x128x64.uexp" 298
"../../../Engine/Content/EngineMaterials/RemoveSurfaceMaterial.uasset" 299
"../../../Engine/Content/EngineMaterials/RemoveSurfaceMaterial.uexp" 300
"../../../Engine/Content/EngineMaterials/DefaultCalibrationGrayscale.uasset" 301
"../../../Engine/Content/EngineMaterials/DefaultCalibrationGrayscale.uexp" 302
"../../../Engine/Content/EngineMaterials/PPM_DefaultCalibrationGrayscale.uasset" 303
"../../../Engine/Content/EngineMaterials/PPM_DefaultCalibrationGrayscale.uexp" 304
"../../../Engine/Content/EngineMaterials/DefaultCalibrationColor.uasset" 305
"../../../Engine/Content/EngineMaterials/DefaultCalibrationColor.uexp" 306
"../../../Engine/Content/EngineMaterials/PPM_DefaultCalibrationColor.uasset" 307
"../../../Engine/Content/EngineMaterials/PPM_DefaultCalibrationColor.uexp" 308
"../../../Engine/Content/EngineMaterials/NaniteHiddenSectionMaterial.uasset" 309
"../../../Engine/Content/EngineMaterials/NaniteHiddenSectionMaterial.uexp" 310
"../../../Engine/Content/EngineMaterials/InvalidLightmapSettings.ubulk" 311
"../../../Engine/Content/EngineMaterials/InvalidLightmapSettings.uasset" 312
"../../../Engine/Content/EngineMaterials/InvalidLightmapSettings.uexp" 313
"../../../Engine/Content/EngineMaterials/M_InvalidLightmapSettings.uasset" 314
"../../../Engine/Content/EngineMaterials/M_InvalidLightmapSettings.uexp" 315
"../../../Engine/Content/EngineMaterials/GizmoMaterial.uasset" 316
"../../../Engine/Content/EngineMaterials/GizmoMaterial.uexp" 317
"../../../Engine/Content/EngineMaterials/BaseFlattenEmissiveMap_VT.uasset" 318
"../../../Engine/Content/EngineMaterials/BaseFlattenEmissiveMap_VT.uexp" 319
"../../../Engine/Content/EngineMaterials/BaseFlattenGrayscaleMap_VT.uasset" 320
"../../../Engine/Content/EngineMaterials/BaseFlattenGrayscaleMap_VT.uexp" 321
"../../../Engine/Content/EngineMaterials/BaseFlattenLinearColor_VT.uasset" 322
"../../../Engine/Content/EngineMaterials/BaseFlattenLinearColor_VT.uexp" 323
"../../../Engine/Content/EngineMaterials/Black_1x1_EXR_Texture_VT.uasset" 324
"../../../Engine/Content/EngineMaterials/Black_1x1_EXR_Texture_VT.uexp" 325
"../../../Engine/Content/EngineMaterials/BaseFlattenDiffuseMap_VT.uasset" 326
"../../../Engine/Content/EngineMaterials/BaseFlattenDiffuseMap_VT.uexp" 327
"../../../Engine/Content/EngineMaterials/BaseFlattenNormalMap_VT.uasset" 328
"../../../Engine/Content/EngineMaterials/BaseFlattenNormalMap_VT.uexp" 329
"../../../Engine/Content/EngineMaterials/FlattenMaterial_WS_Normal_VT.uasset" 330
"../../../Engine/Content/EngineMaterials/FlattenMaterial_WS_Normal_VT.uexp" 331
"../../../Engine/Content/EngineMaterials/FlattenMaterial_VT.uasset" 332
"../../../Engine/Content/EngineMaterials/FlattenMaterial_VT.uexp" 333
"../../../Engine/Content/EngineMaterials/BaseFlattenNormalMap.uasset" 334
"../../../Engine/Content/EngineMaterials/BaseFlattenNormalMap.uexp" 335
"../../../Engine/Content/EngineMaterials/BaseFlattenGrayscaleMap.uasset" 336
"../../../Engine/Content/EngineMaterials/BaseFlattenGrayscaleMap.uexp" 337
"../../../Engine/Content/EngineMaterials/BaseFlattenDiffuseMap.uasset" 338
"../../../Engine/Content/EngineMaterials/BaseFlattenDiffuseMap.uexp" 339
"../../../Engine/Content/Functions/Engine_MaterialFunctions02/PivotPainter2/Black_1x1_EXR_Texture.uasset" 340
"../../../Engine/Content/Functions/Engine_MaterialFunctions02/PivotPainter2/Black_1x1_EXR_Texture.uexp" 341
"../../../Engine/Content/EngineMaterials/BaseFlattenEmissiveMap.uasset" 342
"../../../Engine/Content/EngineMaterials/BaseFlattenEmissiveMap.uexp" 343
"../../../Engine/Content/EngineMaterials/BaseFlattenLinearColor.uasset" 344
"../../../Engine/Content/EngineMaterials/BaseFlattenLinearColor.uexp" 345
"../../../Engine/Content/EngineMaterials/FlattenMaterial.uasset" 346
"../../../Engine/Content/EngineMaterials/FlattenMaterial.uexp" 347
"../../../Engine/Content/EngineMaterials/DefaultWhiteGrid_Low.uasset" 348
"../../../Engine/Content/EngineMaterials/DefaultWhiteGrid_Low.uexp" 349
"../../../Engine/Content/EngineMaterials/EmissiveMeshMaterial.uasset" 350
"../../../Engine/Content/EngineMaterials/EmissiveMeshMaterial.uexp" 351
"../../../Engine/Content/EngineFonts/RobotoDistanceField.uasset" 352
"../../../Engine/Content/EngineFonts/RobotoDistanceField.uexp" 353
"../../../Engine/Content/EngineMaterials/DefaultTextMaterialOpaque.uasset" 354
"../../../Engine/Content/EngineMaterials/DefaultTextMaterialOpaque.uexp" 355
"../../../Engine/Content/EngineMaterials/DefaultDiffuse.ubulk" 356
"../../../Engine/Content/EngineMaterials/DefaultDiffuse.uasset" 357
"../../../Engine/Content/EngineMaterials/DefaultDiffuse.uexp" 358
"../../../Engine/Content/Functions/Engine_MaterialFunctions02/Utility/BreakOutFloat2Components.uasset" 359
"../../../Engine/Content/Functions/Engine_MaterialFunctions02/Utility/BreakOutFloat2Components.uexp" 360
"../../../Engine/Content/EngineMaterials/DefaultPostProcessMaterial.uasset" 361
"../../../Engine/Content/EngineMaterials/DefaultPostProcessMaterial.uexp" 362
"../../../Engine/Content/EngineMaterials/DefaultPhysicalMaterial.uasset" 363
"../../../Engine/Content/EngineMaterials/DefaultPhysicalMaterial.uexp" 364
"../../../Engine/Content/EngineMaterials/DefaultLightFunctionMaterial.uasset" 365
"../../../Engine/Content/EngineMaterials/DefaultLightFunctionMaterial.uexp" 366
"../../../Engine/Content/EngineMaterials/DefaultDestructiblePhysicalMaterial.uasset" 367
"../../../Engine/Content/EngineMaterials/DefaultDestructiblePhysicalMaterial.uexp" 368
"../../../Engine/Content/EngineMaterials/DefaultDeferredDecalMaterial.uasset" 369
"../../../Engine/Content/EngineMaterials/DefaultDeferredDecalMaterial.uexp" 370
"../../../Engine/Content/EngineMaterials/DefaultBloomKernel.uasset" 371
"../../../Engine/Content/EngineMaterials/DefaultBloomKernel.uexp" 372
"../../../Engine/Content/EngineFonts/Faces/RobotoLight.uexp" 373
"../../../Engine/Content/EngineFonts/Faces/RobotoLight.uasset" 374
"../../../Engine/Content/EngineFonts/Faces/RobotoLight.ufont" 375
"../../../Engine/Content/EngineFonts/Faces/RobotoBold.uexp" 376
"../../../Engine/Content/EngineFonts/Faces/RobotoBold.uasset" 377
"../../../Engine/Content/EngineFonts/Faces/RobotoBold.ufont" 378
"../../../Engine/Content/EngineFonts/Faces/RobotoRegular.uexp" 379
"../../../Engine/Content/EngineFonts/Faces/RobotoRegular.uasset" 380
"../../../Engine/Content/EngineFonts/Faces/RobotoRegular.ufont" 381
"../../../Engine/Content/EngineFonts/Faces/DroidSansFallback.uexp" 382
"../../../Engine/Content/EngineFonts/Faces/DroidSansFallback.uasset" 383
"../../../Engine/Content/EngineFonts/Faces/DroidSansFallback.ufont" 384
"../../../Engine/Content/EngineFonts/Faces/RobotoItalic.uexp" 385
"../../../Engine/Content/EngineFonts/Faces/RobotoItalic.uasset" 386
"../../../Engine/Content/EngineFonts/Faces/RobotoItalic.ufont" 387
"../../../Engine/Content/EngineFonts/Faces/RobotoBoldItalic.uexp" 388
"../../../Engine/Content/EngineFonts/Faces/RobotoBoldItalic.uasset" 389
"../../../Engine/Content/EngineFonts/Faces/RobotoBoldItalic.ufont" 390
"../../../Engine/Content/EngineFonts/Roboto.uasset" 391
"../../../Engine/Content/EngineFonts/Roboto.uexp" 392
"../../../Engine/Content/EngineDebugMaterials/VolumeToRender.uasset" 393
"../../../Engine/Content/EngineDebugMaterials/VolumeToRender.uexp" 394
"../../../Engine/Content/EngineDebugMaterials/M_VolumeRenderSphereTracePP.uasset" 395
"../../../Engine/Content/EngineDebugMaterials/M_VolumeRenderSphereTracePP.uexp" 396
"../../../Engine/Content/EngineDebugMaterials/M_SimpleUnlitTranslucent.uasset" 397
"../../../Engine/Content/EngineDebugMaterials/M_SimpleUnlitTranslucent.uexp" 398
"../../../Engine/Content/EngineDebugMaterials/DebugMeshMaterial.uasset" 399
"../../../Engine/Content/EngineDebugMaterials/DebugMeshMaterial.uexp" 400
"../../../Engine/Content/EngineDebugMaterials/DebugEditorMaterial.uasset" 401
"../../../Engine/Content/EngineDebugMaterials/DebugEditorMaterial.uexp" 402
"../../../Engine/Content/EngineDamageTypes/DmgTypeBP_Environmental.uasset" 403
"../../../Engine/Content/EngineDamageTypes/DmgTypeBP_Environmental.uexp" 404
"../../../Engine/Content/BasicShapes/Plane.ubulk" 405
"../../../Engine/Content/BasicShapes/Plane.uasset" 406
"../../../Engine/Content/BasicShapes/Plane.uexp" 407
"../../../Engine/Content/EngineMaterials/DefaultMaterial.uasset" 408
"../../../Engine/Content/EngineMaterials/DefaultMaterial.uexp" 409
"../../../Engine/Content/BasicShapes/Cylinder.ubulk" 410
"../../../Engine/Content/BasicShapes/Cylinder.uasset" 411
"../../../Engine/Content/BasicShapes/Cylinder.uexp" 412
"../../../Engine/Content/Animation/DefaultVariableFrameStrippingSettings.uasset" 413
"../../../Engine/Content/Animation/DefaultVariableFrameStrippingSettings.uexp" 414
"../../../Engine/Content/Animation/DefaultRecorderBoneCompression.uasset" 415
"../../../Engine/Content/Animation/DefaultRecorderBoneCompression.uexp" 416
"../../../Engine/Content/Functions/Engine_MaterialFunctions02/Math/AddComponents.uasset" 417
"../../../Engine/Content/Functions/Engine_MaterialFunctions02/Math/AddComponents.uexp" 418
"../../../Engine/Content/Functions/Engine_MaterialFunctions01/Texturing/FlattenNormal.uasset" 419
"../../../Engine/Content/Functions/Engine_MaterialFunctions01/Texturing/FlattenNormal.uexp" 420
"../../../Engine/Content/EngineSky/VolumetricClouds/CloudWeatherTexture.uasset" 421
"../../../Engine/Content/EngineSky/VolumetricClouds/CloudWeatherTexture.uexp" 422
"../../../Engine/Content/Functions/Engine_MaterialFunctions02/Utility/MakeFloat2.uasset" 423
"../../../Engine/Content/Functions/Engine_MaterialFunctions02/Utility/MakeFloat2.uexp" 424
"../../../Engine/Content/EngineSky/VolumetricClouds/CloudGradientTexture.uasset" 425
"../../../Engine/Content/EngineSky/VolumetricClouds/CloudGradientTexture.uexp" 426
"../../../Engine/Content/EngineSky/VolumetricClouds/T_NoiseShape64.ubulk" 427
"../../../Engine/Content/EngineSky/VolumetricClouds/T_NoiseShape64.uasset" 428
"../../../Engine/Content/EngineSky/VolumetricClouds/T_NoiseShape64.uexp" 429
"../../../Engine/Content/EngineSky/VolumetricClouds/T_VolumeNoiseShape64.uasset" 430
"../../../Engine/Content/EngineSky/VolumetricClouds/T_VolumeNoiseShape64.uexp" 431
"../../../Engine/Content/EngineSky/VolumetricClouds/T_NoiseErosion.ubulk" 432
"../../../Engine/Content/EngineSky/VolumetricClouds/T_NoiseErosion.uasset" 433
"../../../Engine/Content/EngineSky/VolumetricClouds/T_NoiseErosion.uexp" 434
"../../../Engine/Content/EngineSky/VolumetricClouds/T_VolumeNoiseErosion32.uasset" 435
"../../../Engine/Content/EngineSky/VolumetricClouds/T_VolumeNoiseErosion32.uexp" 436
"../../../Engine/Content/EngineSky/VolumetricClouds/m_SimpleVolumetricCloud.uasset" 437
"../../../Engine/Content/EngineSky/VolumetricClouds/m_SimpleVolumetricCloud.uexp" 438
"../../../Engine/Content/EngineSky/VolumetricClouds/m_SimpleVolumetricCloud_Inst.uasset" 439
"../../../Engine/Content/EngineSky/VolumetricClouds/m_SimpleVolumetricCloud_Inst.uexp" 440
"../../../Engine/Content/EngineResources/FilmGrains/Marcie_Grain_v3_128_M2_000.uasset" 441
"../../../Engine/Content/EngineResources/FilmGrains/Marcie_Grain_v3_128_M2_000.uexp" 442
"../../../Engine/Content/MobileResources/HUD/VirtualJoystick_Background.uasset" 443
"../../../Engine/Content/MobileResources/HUD/VirtualJoystick_Background.uexp" 444
"../../../Engine/Content/MobileResources/HUD/VirtualJoystick_Thumb.uasset" 445
"../../../Engine/Content/MobileResources/HUD/VirtualJoystick_Thumb.uexp" 446
"Z:/Roll_a_cat/Content/Blueprints/Cat/Mobile_Controllers/Mobile_joystick_settings.uasset" 447
"Z:/Roll_a_cat/Content/Blueprints/Cat/Mobile_Controllers/Mobile_joystick_settings.uexp" 448
"Z:/Roll_a_cat/Content/Blueprints/Cat/Cat_GameInstance.uasset" 449
"Z:/Roll_a_cat/Content/Blueprints/Cat/Cat_GameInstance.uexp" 450
"../../../Engine/Content/Functions/Engine_MaterialFunctions01/Shading/PowerToRoughness.uasset" 451
"../../../Engine/Content/Functions/Engine_MaterialFunctions01/Shading/PowerToRoughness.uexp" 452
"../../../Engine/Content/Functions/Engine_MaterialFunctions01/Shading/ConvertFromDiffSpec.uasset" 453
"../../../Engine/Content/Functions/Engine_MaterialFunctions01/Shading/ConvertFromDiffSpec.uexp" 454
"../../../Engine/Content/EngineMaterials/Substrate/Volume/SubstrateSimpleVolumeLUT3D.uasset" 455
"../../../Engine/Content/EngineMaterials/Substrate/Volume/SubstrateSimpleVolumeLUT3D.uexp" 456
"../../../Engine/Content/EngineMaterials/Substrate/Volume/SubstrateSimpleVolumeEnvLUT3D.uasset" 457
"../../../Engine/Content/EngineMaterials/Substrate/Volume/SubstrateSimpleVolumeEnvLUT3D.uexp" 458
"../../../Engine/Content/EngineMaterials/Substrate/GLints2/AGlintTex2dArray2.uasset" 459
"../../../Engine/Content/EngineMaterials/Substrate/GLints2/AGlintTex2dArray2.uexp" 460
"../../../Engine/Content/EngineMaterials/Substrate/GLints/AGlintTex2dArray.uasset" 461
"../../../Engine/Content/EngineMaterials/Substrate/GLints/AGlintTex2dArray.uexp" 462
"../../../Engine/Content/Maps/Entry_BuiltData.uasset" 463
"../../../Engine/Content/Maps/Entry_BuiltData.uexp" 464
"../../../Engine/Content/Maps/Entry.uexp" 465
"../../../Engine/Content/Maps/Entry.umap" 466
"Z:/Roll_a_cat/Content/Blueprints/Sounds/SFX_Music.uasset" 467
"Z:/Roll_a_cat/Content/Blueprints/Sounds/SFX_Music.uexp" 468
"Z:/Roll_a_cat/Content/Blueprints/Sounds/Main_Menu_-_Amazing_Mario.ubulk" 469
"Z:/Roll_a_cat/Content/Blueprints/Sounds/Main_Menu_-_Amazing_Mario.uasset" 470
"Z:/Roll_a_cat/Content/Blueprints/Sounds/Main_Menu_-_Amazing_Mario.uexp" 471
"../../../Engine/Content/EngineSky/C_Sky_Horizon_Color.uasset" 472
"../../../Engine/Content/EngineSky/C_Sky_Horizon_Color.uexp" 473
"../../../Engine/Content/EngineSky/T_Sky_Stars.ubulk" 474
"../../../Engine/Content/EngineSky/T_Sky_Stars.uasset" 475
"../../../Engine/Content/EngineSky/T_Sky_Stars.uexp" 476
"../../../Engine/Content/EngineSky/T_Sky_Clouds_M.ubulk" 477
"../../../Engine/Content/EngineSky/T_Sky_Clouds_M.uasset" 478
"../../../Engine/Content/EngineSky/T_Sky_Clouds_M.uexp" 479
"../../../Engine/Content/EngineSky/T_Sky_Blue.ubulk" 480
"../../../Engine/Content/EngineSky/T_Sky_Blue.uasset" 481
"../../../Engine/Content/EngineSky/T_Sky_Blue.uexp" 482
"../../../Engine/Content/EngineSky/M_Sky_Panning_Clouds2.uasset" 483
"../../../Engine/Content/EngineSky/M_Sky_Panning_Clouds2.uexp" 484
"../../../Engine/Content/EngineSky/SM_SkySphere.ubulk" 485
"../../../Engine/Content/EngineSky/SM_SkySphere.uasset" 486
"../../../Engine/Content/EngineSky/SM_SkySphere.uexp" 487
"../../../Engine/Content/EngineSky/C_Sky_Cloud_Color.uasset" 488
"../../../Engine/Content/EngineSky/C_Sky_Cloud_Color.uexp" 489
"../../../Engine/Content/EngineSky/C_Sky_Zenith_Color.uasset" 490
"../../../Engine/Content/EngineSky/C_Sky_Zenith_Color.uexp" 491
"../../../Engine/Content/EngineSky/BP_Sky_Sphere.uasset" 492
"../../../Engine/Content/EngineSky/BP_Sky_Sphere.uexp" 493
"Z:/Roll_a_cat/Content/Blueprints/Widjets/Buttons/false.uasset" 494
"Z:/Roll_a_cat/Content/Blueprints/Widjets/Buttons/false.uexp" 495
"Z:/Roll_a_cat/Content/Blueprints/Levels/SaveLevel.uasset" 496
"Z:/Roll_a_cat/Content/Blueprints/Levels/SaveLevel.uexp" 497
"Z:/Roll_a_cat/Content/Blueprints/Widjets/Level_Menu_W.uasset" 498
"Z:/Roll_a_cat/Content/Blueprints/Widjets/Level_Menu_W.uexp" 499
"Z:/Roll_a_cat/Content/Blueprints/Sounds/SFX_Buttons.uasset" 500
"Z:/Roll_a_cat/Content/Blueprints/Sounds/SFX_Buttons.uexp" 501
"Z:/Roll_a_cat/Content/Blueprints/Sounds/Button_press.ubulk" 502
"Z:/Roll_a_cat/Content/Blueprints/Sounds/Button_press.uasset" 503
"Z:/Roll_a_cat/Content/Blueprints/Sounds/Button_press.uexp" 504
"Z:/Roll_a_cat/Content/Blueprints/Widjets/Buttons/true.ubulk" 505
"Z:/Roll_a_cat/Content/Blueprints/Widjets/Buttons/true.uasset" 506
"Z:/Roll_a_cat/Content/Blueprints/Widjets/Buttons/true.uexp" 507
"Z:/Roll_a_cat/Content/Blueprints/Widjets/Buttons/go_back.ubulk" 508
"Z:/Roll_a_cat/Content/Blueprints/Widjets/Buttons/go_back.uasset" 509
"Z:/Roll_a_cat/Content/Blueprints/Widjets/Buttons/go_back.uexp" 510
"../../../Engine/Content/EngineResources/AICON-Green.uasset" 511
"../../../Engine/Content/EngineResources/AICON-Green.uexp" 512
"Z:/Roll_a_cat/Content/Blueprints/Sounds/SFX_Ambirnt.uasset" 513
"Z:/Roll_a_cat/Content/Blueprints/Sounds/SFX_Ambirnt.uexp" 514
"Z:/Roll_a_cat/Content/Blueprints/Sounds/Save_AudioSettings.uasset" 515
"Z:/Roll_a_cat/Content/Blueprints/Sounds/Save_AudioSettings.uexp" 516
"Z:/Roll_a_cat/Content/Blueprints/Sounds/Main_SoundMix.uasset" 517
"Z:/Roll_a_cat/Content/Blueprints/Sounds/Main_SoundMix.uexp" 518
"Z:/Roll_a_cat/Content/Blueprints/Widjets/Settings_W.uasset" 519
"Z:/Roll_a_cat/Content/Blueprints/Widjets/Settings_W.uexp" 520
"Z:/Roll_a_cat/Content/Blueprints/Widjets/Buttons/gear.ubulk" 521
"Z:/Roll_a_cat/Content/Blueprints/Widjets/Buttons/gear.uasset" 522
"Z:/Roll_a_cat/Content/Blueprints/Widjets/Buttons/gear.uexp" 523
"Z:/Roll_a_cat/Content/Blueprints/Widjets/Credits_w.uasset" 524
"Z:/Roll_a_cat/Content/Blueprints/Widjets/Credits_w.uexp" 525
"Z:/Roll_a_cat/Content/Blueprints/Widjets/Buttons/Start_icon.uasset" 526
"Z:/Roll_a_cat/Content/Blueprints/Widjets/Buttons/Start_icon.uexp" 527
"Z:/Roll_a_cat/Content/Blueprints/Widjets/Buttons/Leave_game.uasset" 528
"Z:/Roll_a_cat/Content/Blueprints/Widjets/Buttons/Leave_game.uexp" 529
"Z:/Roll_a_cat/Content/Blueprints/Widjets/Main_Menu_W.uasset" 530
"Z:/Roll_a_cat/Content/Blueprints/Widjets/Main_Menu_W.uexp" 531
"Z:/Roll_a_cat/Content/Blueprints/Levels/Main_Menu_World.uexp" 532
"Z:/Roll_a_cat/Content/Blueprints/Levels/Main_Menu_World.umap" 533
"Z:/Roll_a_cat/Content/Blueprints/Sounds/angry_meow.ubulk" 534
"Z:/Roll_a_cat/Content/Blueprints/Sounds/angry_meow.uasset" 535
"Z:/Roll_a_cat/Content/Blueprints/Sounds/angry_meow.uexp" 536
"Z:/Roll_a_cat/Content/Blueprints/Sounds/meow2.ubulk" 537
"Z:/Roll_a_cat/Content/Blueprints/Sounds/meow2.uasset" 538
"Z:/Roll_a_cat/Content/Blueprints/Sounds/meow2.uexp" 539
"Z:/Roll_a_cat/Content/Blueprints/Sounds/meow4.ubulk" 540
"Z:/Roll_a_cat/Content/Blueprints/Sounds/meow4.uasset" 541
"Z:/Roll_a_cat/Content/Blueprints/Sounds/meow4.uexp" 542
"Z:/Roll_a_cat/Content/Blueprints/Pickup/milkshake.uasset" 543
"Z:/Roll_a_cat/Content/Blueprints/Pickup/milkshake.uexp" 544
"Z:/Roll_a_cat/Content/Blueprints/Widjets/Buttons/Restart.uasset" 545
"Z:/Roll_a_cat/Content/Blueprints/Widjets/Buttons/Restart.uexp" 546
"Z:/Roll_a_cat/Content/Blueprints/Sounds/Win_button.ubulk" 547
"Z:/Roll_a_cat/Content/Blueprints/Sounds/Win_button.uasset" 548
"Z:/Roll_a_cat/Content/Blueprints/Sounds/Win_button.uexp" 549
"Z:/Roll_a_cat/Content/Blueprints/Sounds/Restart.ubulk" 550
"Z:/Roll_a_cat/Content/Blueprints/Sounds/Restart.uasset" 551
"Z:/Roll_a_cat/Content/Blueprints/Sounds/Restart.uexp" 552
"Z:/Roll_a_cat/Content/Blueprints/Widjets/You_Win_W.uasset" 553
"Z:/Roll_a_cat/Content/Blueprints/Widjets/You_Win_W.uexp" 554
"Z:/Roll_a_cat/Content/Blueprints/Sounds/Level_Complete.ubulk" 555
"Z:/Roll_a_cat/Content/Blueprints/Sounds/Level_Complete.uasset" 556
"Z:/Roll_a_cat/Content/Blueprints/Sounds/Level_Complete.uexp" 557
"Z:/Roll_a_cat/Content/Blueprints/Pickup/cheese.uasset" 558
"Z:/Roll_a_cat/Content/Blueprints/Pickup/cheese.uexp" 559
"Z:/Roll_a_cat/Content/Blueprints/Pickup/cupcake.uasset" 560
"Z:/Roll_a_cat/Content/Blueprints/Pickup/cupcake.uexp" 561
"Z:/Roll_a_cat/Content/Blueprints/Pickup/Cucumber.uasset" 562
"Z:/Roll_a_cat/Content/Blueprints/Pickup/Cucumber.uexp" 563
"Z:/Roll_a_cat/Content/Blueprints/Pickup/icecream.uasset" 564
"Z:/Roll_a_cat/Content/Blueprints/Pickup/icecream.uexp" 565
"Z:/Roll_a_cat/Content/Blueprints/Pickup/cake.uasset" 566
"Z:/Roll_a_cat/Content/Blueprints/Pickup/cake.uexp" 567
"Z:/Roll_a_cat/Content/Blueprints/Widjets/Pickup_Icons_W.uasset" 568
"Z:/Roll_a_cat/Content/Blueprints/Widjets/Pickup_Icons_W.uexp" 569
"Z:/Roll_a_cat/Content/Blueprints/Sounds/meow1.ubulk" 570
"Z:/Roll_a_cat/Content/Blueprints/Sounds/meow1.uasset" 571
"Z:/Roll_a_cat/Content/Blueprints/Sounds/meow1.uexp" 572
"Z:/Roll_a_cat/Content/Blueprints/Pickup/BP_Interface_Controller.uasset" 573
"Z:/Roll_a_cat/Content/Blueprints/Pickup/BP_Interface_Controller.uexp" 574
"Z:/Roll_a_cat/Content/Blueprints/Sounds/meow3.ubulk" 575
"Z:/Roll_a_cat/Content/Blueprints/Sounds/meow3.uasset" 576
"Z:/Roll_a_cat/Content/Blueprints/Sounds/meow3.uexp" 577
"Z:/Roll_a_cat/Content/Blueprints/Sounds/surprised_meow.ubulk" 578
"Z:/Roll_a_cat/Content/Blueprints/Sounds/surprised_meow.uasset" 579
"Z:/Roll_a_cat/Content/Blueprints/Sounds/surprised_meow.uexp" 580
"Z:/Roll_a_cat/Content/Blueprints/Cat/Cat_Controller.uasset" 581
"Z:/Roll_a_cat/Content/Blueprints/Cat/Cat_Controller.uexp" 582
"../../../Engine/Content/BasicShapes/Sphere.ubulk" 583
"../../../Engine/Content/BasicShapes/Sphere.uasset" 584
"../../../Engine/Content/BasicShapes/Sphere.uexp" 585
"Z:/Roll_a_cat/Content/ThirdPerson/Input/Actions/IA_Jump.uasset" 586
"Z:/Roll_a_cat/Content/ThirdPerson/Input/Actions/IA_Jump.uexp" 587
"Z:/Roll_a_cat/Content/ThirdPerson/Input/Actions/IA_Look.uasset" 588
"Z:/Roll_a_cat/Content/ThirdPerson/Input/Actions/IA_Look.uexp" 589
"Z:/Roll_a_cat/Content/ThirdPerson/Input/Actions/IA_Move.uasset" 590
"Z:/Roll_a_cat/Content/ThirdPerson/Input/Actions/IA_Move.uexp" 591
"Z:/Roll_a_cat/Content/ThirdPerson/Input/IMC_Default.uasset" 592
"Z:/Roll_a_cat/Content/ThirdPerson/Input/IMC_Default.uexp" 593
"Z:/Roll_a_cat/Content/StarterContent/Textures/T_Tech_Hex_Tile_M.ubulk" 594
"Z:/Roll_a_cat/Content/StarterContent/Textures/T_Tech_Hex_Tile_M.uasset" 595
"Z:/Roll_a_cat/Content/StarterContent/Textures/T_Tech_Hex_Tile_M.uexp" 596
"Z:/Roll_a_cat/Content/StarterContent/Textures/T_Tech_Hex_Tile_N.ubulk" 597
"Z:/Roll_a_cat/Content/StarterContent/Textures/T_Tech_Hex_Tile_N.uasset" 598
"Z:/Roll_a_cat/Content/StarterContent/Textures/T_Tech_Hex_Tile_N.uexp" 599
"Z:/Roll_a_cat/Content/StarterContent/Textures/T_MacroVariation.uasset" 600
"Z:/Roll_a_cat/Content/StarterContent/Textures/T_MacroVariation.uexp" 601
"Z:/Roll_a_cat/Content/StarterContent/Materials/M_Tech_Hex_Tile_Pulse.uasset" 602
"Z:/Roll_a_cat/Content/StarterContent/Materials/M_Tech_Hex_Tile_Pulse.uexp" 603
"Z:/Roll_a_cat/Content/Blueprints/Cat/BP_Cat.uasset" 604
"Z:/Roll_a_cat/Content/Blueprints/Cat/BP_Cat.uexp" 605
"Z:/Roll_a_cat/Content/Blueprints/Widjets/Buttons/pause.ubulk" 606
"Z:/Roll_a_cat/Content/Blueprints/Widjets/Buttons/pause.uasset" 607
"Z:/Roll_a_cat/Content/Blueprints/Widjets/Buttons/pause.uexp" 608
"Z:/Roll_a_cat/Content/Blueprints/Widjets/Pause_Menu_W.uasset" 609
"Z:/Roll_a_cat/Content/Blueprints/Widjets/Pause_Menu_W.uexp" 610
"Z:/Roll_a_cat/Content/Blueprints/Sounds/Losing.ubulk" 611
"Z:/Roll_a_cat/Content/Blueprints/Sounds/Losing.uasset" 612
"Z:/Roll_a_cat/Content/Blueprints/Sounds/Losing.uexp" 613
"Z:/Roll_a_cat/Content/Blueprints/Widjets/Task_W.uasset" 614
"Z:/Roll_a_cat/Content/Blueprints/Widjets/Task_W.uexp" 615
"Z:/Roll_a_cat/Content/Blueprints/Sounds/Pause_button.ubulk" 616
"Z:/Roll_a_cat/Content/Blueprints/Sounds/Pause_button.uasset" 617
"Z:/Roll_a_cat/Content/Blueprints/Sounds/Pause_button.uexp" 618
"Z:/Roll_a_cat/Content/Blueprints/Sounds/Timer_Finish.ubulk" 619
"Z:/Roll_a_cat/Content/Blueprints/Sounds/Timer_Finish.uasset" 620
"Z:/Roll_a_cat/Content/Blueprints/Sounds/Timer_Finish.uexp" 621
"Z:/Roll_a_cat/Content/Blueprints/Widjets/Count_Down_W.uasset" 622
"Z:/Roll_a_cat/Content/Blueprints/Widjets/Count_Down_W.uexp" 623
"Z:/Roll_a_cat/Content/Blueprints/Cat/Mobile_Controllers/Jump.uasset" 624
"Z:/Roll_a_cat/Content/Blueprints/Cat/Mobile_Controllers/Jump.uexp" 625
"Z:/Roll_a_cat/Content/Blueprints/Widjets/You_Lost_W.uasset" 626
"Z:/Roll_a_cat/Content/Blueprints/Widjets/You_Lost_W.uexp" 627
"Z:/Roll_a_cat/Content/Blueprints/Widjets/Buttons/question_mark_PNG49.uasset" 628
"Z:/Roll_a_cat/Content/Blueprints/Widjets/Buttons/question_mark_PNG49.uexp" 629
"Z:/Roll_a_cat/Content/Blueprints/Widjets/Widgets.uasset" 630
"Z:/Roll_a_cat/Content/Blueprints/Widjets/Widgets.uexp" 631
"Z:/Roll_a_cat/Content/Blueprints/Cat/BP_Cat_GameMode.uasset" 632
"Z:/Roll_a_cat/Content/Blueprints/Cat/BP_Cat_GameMode.uexp" 633
"../../../Engine/Content/EngineMaterials/BlendFunc_DefBlend.uasset" 634
"../../../Engine/Content/EngineMaterials/BlendFunc_DefBlend.uexp" 635
"../../../Engine/Content/OpenWorldTemplate/LandscapeMaterial/T_GridChecker_A.ubulk" 636
"../../../Engine/Content/OpenWorldTemplate/LandscapeMaterial/T_GridChecker_A.uasset" 637
"../../../Engine/Content/OpenWorldTemplate/LandscapeMaterial/T_GridChecker_A.uexp" 638
"../../../Engine/Content/EngineMaterials/BlendFunc_DefBase.uasset" 639
"../../../Engine/Content/EngineMaterials/BlendFunc_DefBase.uexp" 640
"../../../Engine/Content/Functions/Engine_MaterialFunctions03/Blends/Blend_Overlay.uasset" 641
"../../../Engine/Content/Functions/Engine_MaterialFunctions03/Blends/Blend_Overlay.uexp" 642
"../../../Engine/Content/Functions/Engine_MaterialFunctions01/Gradient/LinearGradient.uasset" 643
"../../../Engine/Content/Functions/Engine_MaterialFunctions01/Gradient/LinearGradient.uexp" 644
"../../../Engine/Content/Functions/Engine_MaterialFunctions01/ImageAdjustment/CheapContrast.uasset" 645
"../../../Engine/Content/Functions/Engine_MaterialFunctions01/ImageAdjustment/CheapContrast.uexp" 646
"../../../Engine/Content/OpenWorldTemplate/LandscapeMaterial/MF_ProcGrid.uasset" 647
"../../../Engine/Content/OpenWorldTemplate/LandscapeMaterial/MF_ProcGrid.uexp" 648
"../../../Engine/Content/OpenWorldTemplate/LandscapeMaterial/M_ProcGrid.uasset" 649
"../../../Engine/Content/OpenWorldTemplate/LandscapeMaterial/M_ProcGrid.uexp" 650
"../../../Engine/Content/OpenWorldTemplate/LandscapeMaterial/MI_ProcGrid.uasset" 651
"../../../Engine/Content/OpenWorldTemplate/LandscapeMaterial/MI_ProcGrid.uexp" 652
"Z:/Roll_a_cat/Content/Blueprints/Sounds/Level1_-_A_little_Viking.ubulk" 653
"Z:/Roll_a_cat/Content/Blueprints/Sounds/Level1_-_A_little_Viking.uasset" 654
"Z:/Roll_a_cat/Content/Blueprints/Sounds/Level1_-_A_little_Viking.uexp" 655
"../../../Engine/Content/MapTemplates/SM_Template_Map_Floor.ubulk" 656
"../../../Engine/Content/MapTemplates/SM_Template_Map_Floor.uasset" 657
"../../../Engine/Content/MapTemplates/SM_Template_Map_Floor.uexp" 658
"Z:/Roll_a_cat/Content/Blueprints/Levels/level3.uexp" 659
"Z:/Roll_a_cat/Content/Blueprints/Levels/level3.umap" 660
"Z:/Roll_a_cat/Content/Blueprints/Levels/level2.uexp" 661
"Z:/Roll_a_cat/Content/Blueprints/Levels/level2.umap" 662
"../../../Engine/Content/BasicShapes/Cube.ubulk" 663
"../../../Engine/Content/BasicShapes/Cube.uasset" 664
"../../../Engine/Content/BasicShapes/Cube.uexp" 665
"../../../Engine/Plugins/Animation/ControlRig/Content/Controls/ControlRig_Diamond_solid.ubulk" 666
"../../../Engine/Plugins/Animation/ControlRig/Content/Controls/ControlRig_Diamond_solid.uasset" 667
"../../../Engine/Plugins/Animation/ControlRig/Content/Controls/ControlRig_Diamond_solid.uexp" 668
"../../../Engine/Content/EngineResources/DefaultTexture.ubulk" 669
"../../../Engine/Content/EngineResources/DefaultTexture.uasset" 670
"../../../Engine/Content/EngineResources/DefaultTexture.uexp" 671
"../../../Engine/Plugins/FX/Niagara/Content/DefaultAssets/DefaultTextureSpriteMaterial.uasset" 672
"../../../Engine/Plugins/FX/Niagara/Content/DefaultAssets/DefaultTextureSpriteMaterial.uexp" 673
"Z:/Roll_a_cat/Content/Blueprints/Pickup/Shining_NgS.uasset" 674
"Z:/Roll_a_cat/Content/Blueprints/Pickup/Shining_NgS.uexp" 675
"../../../Engine/Plugins/FX/Niagara/Content/DefaultAssets/DefaultSpriteMaterial.uasset" 676
"../../../Engine/Plugins/FX/Niagara/Content/DefaultAssets/DefaultSpriteMaterial.uexp" 677
"Z:/Roll_a_cat/Content/Blueprints/Pickup/Coins_Explode.uasset" 678
"Z:/Roll_a_cat/Content/Blueprints/Pickup/Coins_Explode.uexp" 679
"../../../Engine/Content/EngineMaterials/PhAT_JointLimitMaterial.uasset" 680
"../../../Engine/Content/EngineMaterials/PhAT_JointLimitMaterial.uexp" 681
"Z:/Roll_a_cat/Content/Blueprints/Pickup/BP_Base.uasset" 682
"Z:/Roll_a_cat/Content/Blueprints/Pickup/BP_Base.uexp" 683
"Z:/Roll_a_cat/Content/Blueprints/Pickup/BP_icecream.uasset" 684
"Z:/Roll_a_cat/Content/Blueprints/Pickup/BP_icecream.uexp" 685
"../../../Engine/Plugins/Animation/ControlRig/Content/Controls/ControlRig_Box_solid.ubulk" 686
"../../../Engine/Plugins/Animation/ControlRig/Content/Controls/ControlRig_Box_solid.uasset" 687
"../../../Engine/Plugins/Animation/ControlRig/Content/Controls/ControlRig_Box_solid.uexp" 688
"Z:/Roll_a_cat/Content/Blueprints/Pickup/BP_ccake.uasset" 689
"Z:/Roll_a_cat/Content/Blueprints/Pickup/BP_ccake.uexp" 690
"../../../Engine/Plugins/Developer/AnimationSharing/Content/AnimSharingBase.uasset" 691
"../../../Engine/Plugins/Developer/AnimationSharing/Content/AnimSharingBase.uexp" 692
"../../../Engine/Plugins/Developer/AnimationSharing/Content/AnimSharingGreen.uasset" 693
"../../../Engine/Plugins/Developer/AnimationSharing/Content/AnimSharingGreen.uexp" 694
"Z:/Roll_a_cat/Content/Blueprints/Pickup/BP_Chees.uasset" 695
"Z:/Roll_a_cat/Content/Blueprints/Pickup/BP_Chees.uexp" 696
"../../../Engine/Content/Functions/Engine_MaterialFunctions02/Texturing/CustomRotator.uasset" 697
"../../../Engine/Content/Functions/Engine_MaterialFunctions02/Texturing/CustomRotator.uexp" 698
"../../../Engine/Plugins/Enterprise/DatasmithContent/Content/Materials/FBXImporter/VREDUVEdit.uasset" 699
"../../../Engine/Plugins/Enterprise/DatasmithContent/Content/Materials/FBXImporter/VREDUVEdit.uexp" 700
"../../../Engine/Plugins/Enterprise/DatasmithContent/Content/Materials/FBXImporter/VREDBase.uasset" 701
"../../../Engine/Plugins/Enterprise/DatasmithContent/Content/Materials/FBXImporter/VREDBase.uexp" 702
"../../../Engine/Plugins/Enterprise/DatasmithContent/Content/Materials/FBXImporter/VREDReferenceTransparent.uasset" 703
"../../../Engine/Plugins/Enterprise/DatasmithContent/Content/Materials/FBXImporter/VREDReferenceTransparent.uexp" 704
"../../../Engine/Plugins/Animation/ControlRig/Content/Controls/ControlRig_Sphere_solid.ubulk" 705
"../../../Engine/Plugins/Animation/ControlRig/Content/Controls/ControlRig_Sphere_solid.uasset" 706
"../../../Engine/Plugins/Animation/ControlRig/Content/Controls/ControlRig_Sphere_solid.uexp" 707
"Z:/Roll_a_cat/Content/Blueprints/Pickup/BP_cupcake.uasset" 708
"Z:/Roll_a_cat/Content/Blueprints/Pickup/BP_cupcake.uexp" 709
"../../../Engine/Content/EngineMaterials/FlatNormal.uasset" 710
"../../../Engine/Content/EngineMaterials/FlatNormal.uexp" 711
"../../../Engine/Plugins/Enterprise/DatasmithContent/Content/Materials/CE_BaseReference.uasset" 712
"../../../Engine/Plugins/Enterprise/DatasmithContent/Content/Materials/CE_BaseReference.uexp" 713
"../../../Engine/Plugins/Enterprise/DatasmithContent/Content/Materials/CE_OpacityReference.uasset" 714
"../../../Engine/Plugins/Enterprise/DatasmithContent/Content/Materials/CE_OpacityReference.uexp" 715
"../../../Engine/Content/BasicShapes/Cone.ubulk" 716
"../../../Engine/Content/BasicShapes/Cone.uasset" 717
"../../../Engine/Content/BasicShapes/Cone.uexp" 718
"Z:/Roll_a_cat/Content/Blueprints/Pickup/BP_milkshake.uasset" 719
"Z:/Roll_a_cat/Content/Blueprints/Pickup/BP_milkshake.uexp" 720
"../../../Engine/Content/EngineDebugMaterials/HeatmapGradient.ubulk" 721
"../../../Engine/Content/EngineDebugMaterials/HeatmapGradient.uasset" 722
"../../../Engine/Content/EngineDebugMaterials/HeatmapGradient.uexp" 723
"../../../Engine/Content/EngineDebugMaterials/BoneWeightMaterial.uasset" 724
"../../../Engine/Content/EngineDebugMaterials/BoneWeightMaterial.uexp" 725
"Z:/Roll_a_cat/Content/Blueprints/Pickup/BP_Cucumb.uasset" 726
"Z:/Roll_a_cat/Content/Blueprints/Pickup/BP_Cucumb.uexp" 727
"../../../Engine/Content/ArtTools/RenderToTexture/Materials/Debug/M_Emissive_Color.uasset" 728
"../../../Engine/Content/ArtTools/RenderToTexture/Materials/Debug/M_Emissive_Color.uexp" 729
"../../../Engine/Content/ArtTools/RenderToTexture/Materials/Debug/M_Emissive_Color_0-0-127.uasset" 730
"../../../Engine/Content/ArtTools/RenderToTexture/Materials/Debug/M_Emissive_Color_0-0-127.uexp" 731
"Z:/Roll_a_cat/Content/Blueprints/Sounds/Bush_sound.ubulk" 732
"Z:/Roll_a_cat/Content/Blueprints/Sounds/Bush_sound.uasset" 733
"Z:/Roll_a_cat/Content/Blueprints/Sounds/Bush_sound.uexp" 734
"../../../Engine/Content/BasicShapes/Cube1.ubulk" 735
"../../../Engine/Content/BasicShapes/Cube1.uasset" 736
"../../../Engine/Content/BasicShapes/Cube1.uexp" 737
"Z:/Roll_a_cat/Content/Blueprints/Mechanics/Leaf.uasset" 738
"Z:/Roll_a_cat/Content/Blueprints/Mechanics/Leaf.uexp" 739
"Z:/Roll_a_cat/Content/Blueprints/Mechanics/Leaf_Mat.uasset" 740
"Z:/Roll_a_cat/Content/Blueprints/Mechanics/Leaf_Mat.uexp" 741
"Z:/Roll_a_cat/Content/Blueprints/Mechanics/Leaf_effect.uasset" 742
"Z:/Roll_a_cat/Content/Blueprints/Mechanics/Leaf_effect.uexp" 743
"Z:/Roll_a_cat/Content/Blueprints/Mechanics/Bush_BP.uasset" 744
"Z:/Roll_a_cat/Content/Blueprints/Mechanics/Bush_BP.uexp" 745
"../../../Engine/Content/BasicShapes/BasicShapeMaterial.uasset" 746
"../../../Engine/Content/BasicShapes/BasicShapeMaterial.uexp" 747
"Z:/Roll_a_cat/Content/StarterContent/Textures/T_ground_Moss_D.ubulk" 748
"Z:/Roll_a_cat/Content/StarterContent/Textures/T_ground_Moss_D.uasset" 749
"Z:/Roll_a_cat/Content/StarterContent/Textures/T_ground_Moss_D.uexp" 750
"Z:/Roll_a_cat/Content/StarterContent/Textures/T_Perlin_Noise_M.ubulk" 751
"Z:/Roll_a_cat/Content/StarterContent/Textures/T_Perlin_Noise_M.uasset" 752
"Z:/Roll_a_cat/Content/StarterContent/Textures/T_Perlin_Noise_M.uexp" 753
"Z:/Roll_a_cat/Content/StarterContent/Textures/T_Ground_Moss_N.ubulk" 754
"Z:/Roll_a_cat/Content/StarterContent/Textures/T_Ground_Moss_N.uasset" 755
"Z:/Roll_a_cat/Content/StarterContent/Textures/T_Ground_Moss_N.uexp" 756
"Z:/Roll_a_cat/Content/StarterContent/Materials/M_Ground_Moss.uasset" 757
"Z:/Roll_a_cat/Content/StarterContent/Materials/M_Ground_Moss.uexp" 758
"../../../Engine/Content/ArtTools/RenderToTexture/Materials/Debug/M_Emissive_Color_127-127-0.uasset" 759
"../../../Engine/Content/ArtTools/RenderToTexture/Materials/Debug/M_Emissive_Color_127-127-0.uexp" 760
"Z:/Roll_a_cat/Content/StarterContent/Textures/T_Ground_Grass_D.ubulk" 761
"Z:/Roll_a_cat/Content/StarterContent/Textures/T_Ground_Grass_D.uasset" 762
"Z:/Roll_a_cat/Content/StarterContent/Textures/T_Ground_Grass_D.uexp" 763
"Z:/Roll_a_cat/Content/StarterContent/Textures/T_Ground_Grass_N.ubulk" 764
"Z:/Roll_a_cat/Content/StarterContent/Textures/T_Ground_Grass_N.uasset" 765
"Z:/Roll_a_cat/Content/StarterContent/Textures/T_Ground_Grass_N.uexp" 766
"Z:/Roll_a_cat/Content/StarterContent/Materials/M_Ground_Grass.uasset" 767
"Z:/Roll_a_cat/Content/StarterContent/Materials/M_Ground_Grass.uexp" 768
"../../../Engine/Content/EngineSky/M_SimpleSkyDome.uasset" 769
"../../../Engine/Content/EngineSky/M_SimpleSkyDome.uexp" 770
"Z:/Roll_a_cat/Content/Blueprints/Levels/Level1.uexp" 771
"Z:/Roll_a_cat/Content/Blueprints/Levels/Level1.umap" 772
